2008.11.10 21:33 B C:\Archivos de programa\Apache Group\Apache2\htdocs\insuban\class_pdf\fonts\Courier-Bold.afm --> www.sid.cl /public_html/sistema_insuban/class_pdf/fonts Courier-Bold.afm
2008.11.10 21:33 B C:\Archivos de programa\Apache Group\Apache2\htdocs\insuban\class_pdf\fonts\Courier-BoldOblique.afm --> www.sid.cl /public_html/sistema_insuban/class_pdf/fonts Courier-BoldOblique.afm
2008.11.10 21:33 B C:\Archivos de programa\Apache Group\Apache2\htdocs\insuban\class_pdf\fonts\Courier-Oblique.afm --> www.sid.cl /public_html/sistema_insuban/class_pdf/fonts Courier-Oblique.afm
2008.11.10 21:33 B C:\Archivos de programa\Apache Group\Apache2\htdocs\insuban\class_pdf\fonts\Courier.afm --> www.sid.cl /public_html/sistema_insuban/class_pdf/fonts Courier.afm
2008.11.10 21:33 B C:\Archivos de programa\Apache Group\Apache2\htdocs\insuban\class_pdf\fonts\Helvetica-Bold.afm --> www.sid.cl /public_html/sistema_insuban/class_pdf/fonts Helvetica-Bold.afm
2008.11.10 21:33 B C:\Archivos de programa\Apache Group\Apache2\htdocs\insuban\class_pdf\fonts\Helvetica-BoldOblique.afm --> www.sid.cl /public_html/sistema_insuban/class_pdf/fonts Helvetica-BoldOblique.afm
2008.11.10 21:33 B C:\Archivos de programa\Apache Group\Apache2\htdocs\insuban\class_pdf\fonts\Helvetica-Oblique.afm --> www.sid.cl /public_html/sistema_insuban/class_pdf/fonts Helvetica-Oblique.afm
2008.11.10 21:33 B C:\Archivos de programa\Apache Group\Apache2\htdocs\insuban\class_pdf\fonts\Helvetica.afm --> www.sid.cl /public_html/sistema_insuban/class_pdf/fonts Helvetica.afm
2008.11.10 21:33 B C:\Archivos de programa\Apache Group\Apache2\htdocs\insuban\class_pdf\fonts\php_a0100131.afm --> www.sid.cl /public_html/sistema_insuban/class_pdf/fonts php_a0100131.afm
2008.11.10 21:33 B C:\Archivos de programa\Apache Group\Apache2\htdocs\insuban\class_pdf\fonts\php_a010013l.afm --> www.sid.cl /public_html/sistema_insuban/class_pdf/fonts php_a010013l.afm
2008.11.10 21:34 B C:\Archivos de programa\Apache Group\Apache2\htdocs\insuban\class_pdf\fonts\php_Courier-Bold.afm --> www.sid.cl /public_html/sistema_insuban/class_pdf/fonts php_Courier-Bold.afm
2008.11.10 21:34 B C:\Archivos de programa\Apache Group\Apache2\htdocs\insuban\class_pdf\fonts\php_Courier-BoldOblique.afm --> www.sid.cl /public_html/sistema_insuban/class_pdf/fonts php_Courier-BoldOblique.afm
2008.11.10 21:34 B C:\Archivos de programa\Apache Group\Apache2\htdocs\insuban\class_pdf\fonts\php_Courier-Oblique.afm --> www.sid.cl /public_html/sistema_insuban/class_pdf/fonts php_Courier-Oblique.afm
2008.11.10 21:34 B C:\Archivos de programa\Apache Group\Apache2\htdocs\insuban\class_pdf\fonts\php_Courier.afm --> www.sid.cl /public_html/sistema_insuban/class_pdf/fonts php_Courier.afm
2008.11.10 21:34 B C:\Archivos de programa\Apache Group\Apache2\htdocs\insuban\class_pdf\fonts\php_Helvetica-Bold.afm --> www.sid.cl /public_html/sistema_insuban/class_pdf/fonts php_Helvetica-Bold.afm
2008.11.10 21:37 B C:\Archivos de programa\Apache Group\Apache2\htdocs\insuban\class_pdf\fonts\php_Helvetica-Bold.afm --> www.sid.cl /public_html/sistema_insuban/class_pdf/fonts php_Helvetica-Bold.afm
2008.11.10 21:37 B C:\Archivos de programa\Apache Group\Apache2\htdocs\insuban\class_pdf\fonts\php_Helvetica-BoldOblique.afm --> www.sid.cl /public_html/sistema_insuban/class_pdf/fonts php_Helvetica-BoldOblique.afm
2008.11.10 21:37 B C:\Archivos de programa\Apache Group\Apache2\htdocs\insuban\class_pdf\fonts\php_Helvetica-Oblique.afm --> www.sid.cl /public_html/sistema_insuban/class_pdf/fonts php_Helvetica-Oblique.afm
2008.11.10 21:37 B C:\Archivos de programa\Apache Group\Apache2\htdocs\insuban\class_pdf\fonts\php_Helvetica.afm --> www.sid.cl /public_html/sistema_insuban/class_pdf/fonts php_Helvetica.afm
2008.11.10 21:37 B C:\Archivos de programa\Apache Group\Apache2\htdocs\insuban\class_pdf\fonts\php_php_a010013l.afm --> www.sid.cl /public_html/sistema_insuban/class_pdf/fonts php_php_a010013l.afm
2008.11.10 21:37 B C:\Archivos de programa\Apache Group\Apache2\htdocs\insuban\class_pdf\fonts\php_php_Times-Bold.afm --> www.sid.cl /public_html/sistema_insuban/class_pdf/fonts php_php_Times-Bold.afm
2008.11.10 21:37 B C:\Archivos de programa\Apache Group\Apache2\htdocs\insuban\class_pdf\fonts\php_Symbol.afm --> www.sid.cl /public_html/sistema_insuban/class_pdf/fonts php_Symbol.afm
2008.11.10 21:37 B C:\Archivos de programa\Apache Group\Apache2\htdocs\insuban\class_pdf\fonts\php_Times-Bold.afm --> www.sid.cl /public_html/sistema_insuban/class_pdf/fonts php_Times-Bold.afm
2008.11.10 21:37 B C:\Archivos de programa\Apache Group\Apache2\htdocs\insuban\class_pdf\fonts\php_Times-BoldItalic.afm --> www.sid.cl /public_html/sistema_insuban/class_pdf/fonts php_Times-BoldItalic.afm
2008.11.10 21:37 B C:\Archivos de programa\Apache Group\Apache2\htdocs\insuban\class_pdf\fonts\php_Times-Italic.afm --> www.sid.cl /public_html/sistema_insuban/class_pdf/fonts php_Times-Italic.afm
2008.11.10 21:37 B C:\Archivos de programa\Apache Group\Apache2\htdocs\insuban\class_pdf\fonts\php_Times-Roman.afm --> www.sid.cl /public_html/sistema_insuban/class_pdf/fonts php_Times-Roman.afm
2008.11.10 21:37 B C:\Archivos de programa\Apache Group\Apache2\htdocs\insuban\class_pdf\fonts\php_ZapfDingbats.afm --> www.sid.cl /public_html/sistema_insuban/class_pdf/fonts php_ZapfDingbats.afm
2008.11.10 21:37 B C:\Archivos de programa\Apache Group\Apache2\htdocs\insuban\class_pdf\fonts\Symbol.afm --> www.sid.cl /public_html/sistema_insuban/class_pdf/fonts Symbol.afm
2008.11.10 21:37 B C:\Archivos de programa\Apache Group\Apache2\htdocs\insuban\class_pdf\fonts\Times-Bold.afm --> www.sid.cl /public_html/sistema_insuban/class_pdf/fonts Times-Bold.afm
2008.11.10 21:37 B C:\Archivos de programa\Apache Group\Apache2\htdocs\insuban\class_pdf\fonts\Times-BoldItalic.afm --> www.sid.cl /public_html/sistema_insuban/class_pdf/fonts Times-BoldItalic.afm
2008.11.10 21:37 B C:\Archivos de programa\Apache Group\Apache2\htdocs\insuban\class_pdf\fonts\Times-Italic.afm --> www.sid.cl /public_html/sistema_insuban/class_pdf/fonts Times-Italic.afm
2008.11.10 21:37 B C:\Archivos de programa\Apache Group\Apache2\htdocs\insuban\class_pdf\fonts\Times-Roman.afm --> www.sid.cl /public_html/sistema_insuban/class_pdf/fonts Times-Roman.afm
